2022-09-15 08:25:13,682 INFO org.springframework.boot.StartupInfoLogger [main] Starting TokenProviderApplication using Java 11.0.16 on lnb036033cps with PID 13559 (/home/mjakson/Bootcamp/working/ExceptionsMyMusic/TokenProvider/target/classes started by CIANDT\mjakson in /home/mjakson/Bootcamp/working/ExceptionsMyMusic/TokenProvider)
2022-09-15 08:25:13,684 INFO org.springframework.boot.SpringApplication [main] No active profile set, falling back to default profiles: default
2022-09-15 08:25:14,260 INFO org.springframework.boot.web.embedded.tomcat.TomcatWebServer [main] Tomcat initialized with port(s): 8080 (http)
2022-09-15 08:25:14,264 INFO org.apache.juli.logging.DirectJDKLog [main] Initializing ProtocolHandler ["http-nio-8080"]
2022-09-15 08:25:14,265 INFO org.apache.juli.logging.DirectJDKLog [main] Starting service [Tomcat]
2022-09-15 08:25:14,265 INFO org.apache.juli.logging.DirectJDKLog [main] Starting Servlet engine: [Apache Tomcat/9.0.56]
2022-09-15 08:25:14,290 INFO org.apache.juli.logging.DirectJDKLog [main] Initializing Spring embedded WebApplicationContext
2022-09-15 08:25:14,291 INFO org.springframework.boot.web.servlet.context.ServletWebServerApplicationContext [main] Root WebApplicationContext: initialization completed in 566 ms
2022-09-15 08:25:14,569 INFO org.springframework.boot.actuate.endpoint.web.EndpointLinksResolver [main] Exposing 1 endpoint(s) beneath base path '/actuator'
2022-09-15 08:25:14,582 INFO org.apache.juli.logging.DirectJDKLog [main] Starting ProtocolHandler ["http-nio-8080"]
2022-09-15 08:25:14,587 INFO org.springframework.boot.web.embedded.tomcat.TomcatWebServer [main] Tomcat started on port(s): 8080 (http) with context path ''
2022-09-15 08:25:14,598 INFO org.springframework.boot.StartupInfoLogger [main] Started TokenProviderApplication in 1.141 seconds (JVM running for 1.528)
2022-09-15 08:25:14,686 INFO org.apache.juli.logging.DirectJDKLog [RMI TCP Connection(2)-127.0.0.1] Initializing Spring DispatcherServlet 'dispatcherServlet'
2022-09-15 08:25:14,687 INFO org.springframework.web.servlet.FrameworkServlet [RMI TCP Connection(2)-127.0.0.1] Initializing Servlet 'dispatcherServlet'
2022-09-15 08:25:14,688 INFO org.springframework.web.servlet.FrameworkServlet [RMI TCP Connection(2)-127.0.0.1] Completed initialization in 1 ms
2022-09-15 08:25:27,133 INFO com.ciandt.token.provider.controllers.TokenController [http-nio-8080-exec-1] Recebido requisição para criação de token para chave: 0c2a04a5-d8d2-42a2-a90f-3d6e8f912b88
2022-09-15 08:25:27,167 INFO com.ciandt.token.provider.controllers.TokenController [http-nio-8080-exec-1] Token gerado com sucesso
2022-09-15 11:46:30,113 INFO org.springframework.boot.StartupInfoLogger [main] Starting TokenProviderApplication using Java 11.0.16 on lnb036033cps with PID 59314 (/home/mjakson/Bootcamp/working/ExceptionsMyMusic/TokenProvider/target/classes started by CIANDT\mjakson in /home/mjakson/Bootcamp/working/ExceptionsMyMusic/TokenProvider)
2022-09-15 11:46:30,114 INFO org.springframework.boot.SpringApplication [main] No active profile set, falling back to default profiles: default
2022-09-15 11:46:30,740 INFO org.springframework.boot.web.embedded.tomcat.TomcatWebServer [main] Tomcat initialized with port(s): 8080 (http)
2022-09-15 11:46:30,745 INFO org.apache.juli.logging.DirectJDKLog [main] Initializing ProtocolHandler ["http-nio-8080"]
2022-09-15 11:46:30,746 INFO org.apache.juli.logging.DirectJDKLog [main] Starting service [Tomcat]
2022-09-15 11:46:30,746 INFO org.apache.juli.logging.DirectJDKLog [main] Starting Servlet engine: [Apache Tomcat/9.0.56]
2022-09-15 11:46:30,778 INFO org.apache.juli.logging.DirectJDKLog [main] Initializing Spring embedded WebApplicationContext
2022-09-15 11:46:30,778 INFO org.springframework.boot.web.servlet.context.ServletWebServerApplicationContext [main] Root WebApplicationContext: initialization completed in 632 ms
2022-09-15 11:46:31,105 INFO org.springframework.boot.actuate.endpoint.web.EndpointLinksResolver [main] Exposing 1 endpoint(s) beneath base path '/actuator'
2022-09-15 11:46:31,120 INFO org.apache.juli.logging.DirectJDKLog [main] Starting ProtocolHandler ["http-nio-8080"]
2022-09-15 11:46:31,129 INFO org.springframework.boot.web.embedded.tomcat.TomcatWebServer [main] Tomcat started on port(s): 8080 (http) with context path ''
2022-09-15 11:46:31,140 INFO org.springframework.boot.StartupInfoLogger [main] Started TokenProviderApplication in 1.269 seconds (JVM running for 1.991)
2022-09-15 11:46:31,315 INFO org.apache.juli.logging.DirectJDKLog [RMI TCP Connection(2)-127.0.0.1] Initializing Spring DispatcherServlet 'dispatcherServlet'
2022-09-15 11:46:31,316 INFO org.springframework.web.servlet.FrameworkServlet [RMI TCP Connection(2)-127.0.0.1] Initializing Servlet 'dispatcherServlet'
2022-09-15 11:46:31,326 INFO org.springframework.web.servlet.FrameworkServlet [RMI TCP Connection(2)-127.0.0.1] Completed initialization in 10 ms
2022-09-15 11:52:19,958 INFO com.ciandt.token.provider.controllers.TokenController [http-nio-8080-exec-1] Recebido requisição para criação de token para chave: 0c2a04a5-d8d2-42a2-a90f-3d6e8f912b88
2022-09-15 11:52:20,013 INFO com.ciandt.token.provider.controllers.TokenController [http-nio-8080-exec-1] Token gerado com sucesso
2022-09-15 16:34:44,637 INFO com.ciandt.token.provider.controllers.TokenController [http-nio-8080-exec-3] Recebido requisição para criação de token para chave: 0c2a04a5-d8d2-42a2-a90f-3d6e8f912b88
2022-09-15 16:34:44,638 INFO com.ciandt.token.provider.controllers.TokenController [http-nio-8080-exec-3] Token gerado com sucesso
2022-09-15 16:34:45,773 INFO com.ciandt.token.provider.controllers.TokenController [http-nio-8080-exec-4] Recebido requisição para criação de token para chave: 0c2a04a5-d8d2-42a2-a90f-3d6e8f912b88
2022-09-15 16:34:45,774 INFO com.ciandt.token.provider.controllers.TokenController [http-nio-8080-exec-4] Token gerado com sucesso
2022-09-15 16:39:33,117 INFO com.ciandt.token.provider.controllers.TokenController [http-nio-8080-exec-6] Recebido requisição para criação de token para chave: 0c2a04a5-d8d2-42a2-a90f-3d6e8f912b88
2022-09-15 16:39:33,118 INFO com.ciandt.token.provider.controllers.TokenController [http-nio-8080-exec-6] Token gerado com sucesso
2022-09-15 16:41:04,232 INFO com.ciandt.token.provider.controllers.TokenAuthorizerController [http-nio-8080-exec-8] Recebido requisição para geração de token: 0c2a04a5-d8d2-42a2-a90f-3d6e8f912b88
2022-09-15 16:41:04,234 ERROR com.ciandt.token.provider.controllers.TokenAuthorizerController [http-nio-8080-exec-8] Requisição inválida: Token expirado
2022-09-15 16:41:10,369 INFO com.ciandt.token.provider.controllers.TokenController [http-nio-8080-exec-9] Recebido requisição para criação de token para chave: 0c2a04a5-d8d2-42a2-a90f-3d6e8f912b88
2022-09-15 16:41:10,372 INFO com.ciandt.token.provider.controllers.TokenController [http-nio-8080-exec-9] Token gerado com sucesso
2022-09-15 16:41:25,418 INFO com.ciandt.token.provider.controllers.TokenAuthorizerController [http-nio-8080-exec-10] Recebido requisição para geração de token: 0c2a04a5-d8d2-42a2-a90f-3d6e8f912b88
2022-09-15 16:41:25,419 INFO com.ciandt.token.provider.controllers.TokenAuthorizerController [http-nio-8080-exec-10] Token validado com sucesso
